kotlin version: 1.8.20
error message: java.lang.IllegalStateException: FATAL ERROR: Could not find "org.jetbrains.kotlin:kotlinx-atomicfu-runtime" in [/Users/shalaga44/Library/Application Support/kotlin/daemon]
	at org.jetbrains.kotlin.ir.backend.js.KlibKt$resolverLogger$1.fatal(klib.kt:111)
	at org.jetbrains.kotlin.library.KotlinLibrarySearchPathResolver.resolve(SearchPathResolver.kt:171)
	at org.jetbrains.kotlin.library.SearchPathResolver.resolve$default(SearchPathResolver.kt:20)
	at org.jetbrains.kotlin.library.SearchPathResolverKt.resolve(SearchPathResolver.kt:29)
	at org.jetbrains.kotlin.library.metadata.resolver.impl.KotlinLibraryResolverImpl$resolveDependencies$2$2.invoke(KotlinLibraryResolverImpl.kt:122)
	at org.jetbrains.kotlin.library.metadata.resolver.impl.KotlinLibraryResolverImpl$resolveDependencies$2$2.invoke(KotlinLibraryResolverImpl.kt:122)
	at kotlin.sequences.TransformingSequence$iterator$1.next(Sequences.kt:210)
	at kotlin.sequences.FilteringSequence$iterator$1.calcNext(Sequences.kt:170)
	at kotlin.sequences.FilteringSequence$iterator$1.hasNext(Sequences.kt:194)
	at kotlin.sequences.TransformingSequence$iterator$1.hasNext(Sequences.kt:214)
	at kotlin.sequences.FilteringSequence$iterator$1.calcNext(Sequences.kt:169)
	at kotlin.sequences.FilteringSequence$iterator$1.hasNext(Sequences.kt:194)
	at kotlin.sequences.SequencesKt___SequencesKt.toCollection(_Sequences.kt:787)
	at kotlin.sequences.SequencesKt___SequencesKt.toMutableList(_Sequences.kt:817)
	at kotlin.sequences.SequencesKt___SequencesKt.toList(_Sequences.kt:808)
	at org.jetbrains.kotlin.library.metadata.resolver.impl.KotlinLibraryResolverImpl.resolveDependencies(KotlinLibraryResolverImpl.kt:135)
	at org.jetbrains.kotlin.library.metadata.resolver.impl.KotlinLibraryResolverImpl.resolveWithDependencies(KotlinLibraryResolverImpl.kt:44)
	at org.jetbrains.kotlin.ir.backend.js.JsLibraryResolverKt.jsResolveLibraries(JsLibraryResolver.kt:51)
	at org.jetbrains.kotlin.ir.backend.js.ModulesStructure.<init>(klib.kt:476)
	at org.jetbrains.kotlin.ir.backend.js.PrepareAnalyzedSourceModuleKt.prepareAnalyzedSourceModule(prepareAnalyzedSourceModule.kt:26)
	at org.jetbrains.kotlin.ir.backend.js.PrepareAnalyzedSourceModuleKt.prepareAnalyzedSourceModule$default(prepareAnalyzedSourceModule.kt:16)
	at org.jetbrains.kotlin.cli.js.K2JsIrCompiler.processSourceModule(K2JsIrCompiler.kt:435)
	at org.jetbrains.kotlin.cli.js.K2JsIrCompiler.doExecute(K2JsIrCompiler.kt:295)
	at org.jetbrains.kotlin.cli.js.K2JSCompiler.doExecute(K2JSCompiler.java:180)
	at org.jetbrains.kotlin.cli.js.K2JSCompiler.doExecute(K2JSCompiler.java:72)
	at org.jetbrains.kotlin.cli.common.CLICompiler.execImpl(CLICompiler.kt:100)
	at org.jetbrains.kotlin.cli.common.CLICompiler.execImpl(CLICompiler.kt:46)
	at org.jetbrains.kotlin.cli.common.CLITool.exec(CLITool.kt:101)
	at org.jetbrains.kotlin.incremental.IncrementalJsCompilerRunner.runCompiler(IncrementalJsCompilerRunner.kt:213)
	at org.jetbrains.kotlin.incremental.IncrementalJsCompilerRunner.runCompiler(IncrementalJsCompilerRunner.kt:84)
	at org.jetbrains.kotlin.incremental.IncrementalCompilerRunner.doCompile(IncrementalCompilerRunner.kt:486)
	at org.jetbrains.kotlin.incremental.IncrementalCompilerRunner.compileImpl(IncrementalCompilerRunner.kt:409)
	at org.jetbrains.kotlin.incremental.IncrementalCompilerRunner.compileNonIncrementally(IncrementalCompilerRunner.kt:290)
	at org.jetbrains.kotlin.incremental.IncrementalCompilerRunner.compile(IncrementalCompilerRunner.kt:112)
	at org.jetbrains.kotlin.incremental.IncrementalCompilerRunner.compile$default(IncrementalCompilerRunner.kt:94)
	at org.jetbrains.kotlin.daemon.CompileServiceImplBase.execJsIncrementalCompiler(CompileServiceImpl.kt:567)
	at org.jetbrains.kotlin.daemon.CompileServiceImplBase.access$execJsIncrementalCompiler(CompileServiceImpl.kt:101)
	at org.jetbrains.kotlin.daemon.CompileServiceImpl.compile(CompileServiceImpl.kt:1678)
	at jdk.internal.reflect.GeneratedMethodAccessor88.invoke(Unknown Source)
	at java.base/jdk.internal.reflect.DelegatingMethodAccessorImpl.invoke(DelegatingMethodAccessorImpl.java:43)
	at java.base/java.lang.reflect.Method.invoke(Method.java:566)
	at java.rmi/sun.rmi.server.UnicastServerRef.dispatch(UnicastServerRef.java:359)
	at java.rmi/sun.rmi.transport.Transport$1.run(Transport.java:200)
	at java.rmi/sun.rmi.transport.Transport$1.run(Transport.java:197)
	at java.base/java.security.AccessController.doPrivileged(Native Method)
	at java.rmi/sun.rmi.transport.Transport.serviceCall(Transport.java:196)
	at java.rmi/sun.rmi.transport.tcp.TCPTransport.handleMessages(TCPTransport.java:562)
	at java.rmi/sun.rmi.transport.tcp.TCPTransport$ConnectionHandler.run0(TCPTransport.java:796)
	at java.rmi/sun.rmi.transport.tcp.TCPTransport$ConnectionHandler.lambda$run$0(TCPTransport.java:677)
	at java.base/java.security.AccessController.doPrivileged(Native Method)
	at java.rmi/sun.rmi.transport.tcp.TCPTransport$ConnectionHandler.run(TCPTransport.java:676)
	at java.base/java.util.concurrent.ThreadPoolExecutor.runWorker(ThreadPoolExecutor.java:1128)
	at java.base/java.util.concurrent.ThreadPoolExecutor$Worker.run(ThreadPoolExecutor.java:628)
	at java.base/java.lang.Thread.run(Thread.java:829)


