kotlin version: 1.8.20
error message: java.lang.IllegalStateException: Cannot serialize error type: [Error type: Unresolved type for Dependencies]
	at org.jetbrains.kotlin.serialization.SerializerExtension.serializeErrorType(SerializerExtension.kt:93)
	at org.jetbrains.kotlin.backend.common.serialization.metadata.KlibMetadataSerializerExtension.serializeErrorType(KlibMetadataSerializerExtension.kt:45)
	at org.jetbrains.kotlin.serialization.DescriptorSerializer.type$serialization(DescriptorSerializer.kt:657)
	at org.jetbrains.kotlin.serialization.DescriptorSerializer.typeId(DescriptorSerializer.kt:651)
	at org.jetbrains.kotlin.serialization.DescriptorSerializer.valueParameter(DescriptorSerializer.kt:601)
	at org.jetbrains.kotlin.serialization.DescriptorSerializer.functionProto(DescriptorSerializer.kt:429)
	at org.jetbrains.kotlin.serialization.DescriptorSerializer.packagePartProto(DescriptorSerializer.kt:779)
	at org.jetbrains.kotlin.backend.common.serialization.metadata.KlibMetadataSerializer.buildPackageProto(KlibMetadataSerializer.kt:125)
	at org.jetbrains.kotlin.backend.common.serialization.metadata.KlibMetadataSerializer.access$buildPackageProto(KlibMetadataSerializer.kt:32)
	at org.jetbrains.kotlin.backend.common.serialization.metadata.KlibMetadataSerializer.serializeDescriptors(KlibMetadataSerializer.kt:148)
	at org.jetbrains.kotlin.backend.common.serialization.metadata.KlibMetadataIncrementalSerializer.serializePackageFragment(KlibMetadataIncrementalSerializer.kt:56)
	at org.jetbrains.kotlin.ir.backend.js.KlibKt.serializeScope(klib.kt:724)
	at org.jetbrains.kotlin.ir.backend.js.KlibKt.compareMetadataAndGoToNextICRoundIfNeeded(klib.kt:748)
	at org.jetbrains.kotlin.ir.backend.js.KlibKt.access$compareMetadataAndGoToNextICRoundIfNeeded(klib.kt:1)
	at org.jetbrains.kotlin.ir.backend.js.ModulesStructure.runAnalysis(klib.kt:532)
	at org.jetbrains.kotlin.ir.backend.js.PrepareAnalyzedSourceModuleKt.prepareAnalyzedSourceModule(prepareAnalyzedSourceModule.kt:28)
	at org.jetbrains.kotlin.ir.backend.js.PrepareAnalyzedSourceModuleKt.prepareAnalyzedSourceModule$default(prepareAnalyzedSourceModule.kt:16)
	at org.jetbrains.kotlin.cli.js.K2JsIrCompiler.processSourceModule(K2JsIrCompiler.kt:435)
	at org.jetbrains.kotlin.cli.js.K2JsIrCompiler.doExecute(K2JsIrCompiler.kt:295)
	at org.jetbrains.kotlin.cli.js.K2JSCompiler.doExecute(K2JSCompiler.java:180)
	at org.jetbrains.kotlin.cli.js.K2JSCompiler.doExecute(K2JSCompiler.java:72)
	at org.jetbrains.kotlin.cli.common.CLICompiler.execImpl(CLICompiler.kt:100)
	at org.jetbrains.kotlin.cli.common.CLICompiler.execImpl(CLICompiler.kt:46)
	at org.jetbrains.kotlin.cli.common.CLITool.exec(CLITool.kt:101)
	at org.jetbrains.kotlin.incremental.IncrementalJsCompilerRunner.runCompiler(IncrementalJsCompilerRunner.kt:213)
	at org.jetbrains.kotlin.incremental.IncrementalJsCompilerRunner.runCompiler(IncrementalJsCompilerRunner.kt:84)
	at org.jetbrains.kotlin.incremental.IncrementalCompilerRunner.doCompile(IncrementalCompilerRunner.kt:486)
	at org.jetbrains.kotlin.incremental.IncrementalCompilerRunner.compileImpl(IncrementalCompilerRunner.kt:409)
	at org.jetbrains.kotlin.incremental.IncrementalCompilerRunner.tryCompileIncrementally$lambda$2$compile(IncrementalCompilerRunner.kt:210)
	at org.jetbrains.kotlin.incremental.IncrementalCompilerRunner.tryCompileIncrementally(IncrementalCompilerRunner.kt:241)
	at org.jetbrains.kotlin.incremental.IncrementalCompilerRunner.compile(IncrementalCompilerRunner.kt:103)
	at org.jetbrains.kotlin.incremental.IncrementalCompilerRunner.compile$default(IncrementalCompilerRunner.kt:94)
	at org.jetbrains.kotlin.daemon.CompileServiceImplBase.execJsIncrementalCompiler(CompileServiceImpl.kt:567)
	at org.jetbrains.kotlin.daemon.CompileServiceImplBase.access$execJsIncrementalCompiler(CompileServiceImpl.kt:101)
	at org.jetbrains.kotlin.daemon.CompileServiceImpl.compile(CompileServiceImpl.kt:1678)
	at jdk.internal.reflect.GeneratedMethodAccessor88.invoke(Unknown Source)
	at java.base/jdk.internal.reflect.DelegatingMethodAccessorImpl.invoke(DelegatingMethodAccessorImpl.java:43)
	at java.base/java.lang.reflect.Method.invoke(Method.java:566)
	at java.rmi/sun.rmi.server.UnicastServerRef.dispatch(UnicastServerRef.java:359)
	at java.rmi/sun.rmi.transport.Transport$1.run(Transport.java:200)
	at java.rmi/sun.rmi.transport.Transport$1.run(Transport.java:197)
	at java.base/java.security.AccessController.doPrivileged(Native Method)
	at java.rmi/sun.rmi.transport.Transport.serviceCall(Transport.java:196)
	at java.rmi/sun.rmi.transport.tcp.TCPTransport.handleMessages(TCPTransport.java:562)
	at java.rmi/sun.rmi.transport.tcp.TCPTransport$ConnectionHandler.run0(TCPTransport.java:796)
	at java.rmi/sun.rmi.transport.tcp.TCPTransport$ConnectionHandler.lambda$run$0(TCPTransport.java:677)
	at java.base/java.security.AccessController.doPrivileged(Native Method)
	at java.rmi/sun.rmi.transport.tcp.TCPTransport$ConnectionHandler.run(TCPTransport.java:676)
	at java.base/java.util.concurrent.ThreadPoolExecutor.runWorker(ThreadPoolExecutor.java:1128)
	at java.base/java.util.concurrent.ThreadPoolExecutor$Worker.run(ThreadPoolExecutor.java:628)
	at java.base/java.lang.Thread.run(Thread.java:829)


